# JRE version: Java(TM) SE Runtime Environment (7.0_79-b15) (build 1.7.0_79-b15)
# Java VM: Java HotSpot(TM) 64-Bit Server VM (24.79-b02 mixed mode windows-amd64 compressed oops)
Heap
 PSYoungGen      total 323584K, used 142231K [0x00000000eaa80000, 0x00000000fff80000, 0x0000000100000000)
  eden space 297984K, 47% used [0x00000000eaa80000,0x00000000f3565c48,0x00000000fcd80000)
  from space 25600K, 0% used [0x00000000fe680000,0x00000000fe680000,0x00000000fff80000)
  to   space 25600K, 0% used [0x00000000fcd80000,0x00000000fcd80000,0x00000000fe680000)
 ParOldGen       total 492544K, used 256306K [0x00000000c0000000, 0x00000000de100000, 0x00000000eaa80000)
  object space 492544K, 52% used [0x00000000c0000000,0x00000000cfa4ca58,0x00000000de100000)
 PSPermGen       total 132608K, used 132398K [0x00000000b0000000, 0x00000000b8180000, 0x00000000c0000000)
  object space 132608K, 99% used [0x00000000b0000000,0x00000000b814b8c8,0x00000000b8180000)
GC Heap History (10 events):
Event: 18588.584 GC heap before
{Heap before GC invocations=563 (full 197):
 PSYoungGen      total 323072K, used 310827K [0x00000000eaa80000, 0x0000000100000000, 0x0000000100000000)
  eden space 297472K, 100% used [0x00000000eaa80000,0x00000000fcd00000,0x00000000fcd00000)
  from space 25600K, 52% used [0x00000000fcd00000,0x00000000fda0ac18,0x00000000fe600000)
  to   space 26112K, 0% used [0x00000000fe680000,0x00000000fe680000,0x0000000100000000)
 ParOldGen       total 492544K, used 254778K [0x00000000c0000000, 0x00000000de100000, 0x00000000eaa80000)
  object space 492544K, 51% used [0x00000000c0000000,0x00000000cf8ce9c0,0x00000000de100000)
 PSPermGen       total 132096K, used 131689K [0x00000000b0000000, 0x00000000b8100000, 0x00000000c0000000)
  object space 132096K, 99% used [0x00000000b0000000,0x00000000b809a4e0,0x00000000b8100000)
Event: 18588.596 GC heap after
Heap after GC invocations=563 (full 197):
 PSYoungGen      total 322560K, used 15148K [0x00000000eaa80000, 0x0000000100000000, 0x0000000100000000)
  eden space 296448K, 0% used [0x00000000eaa80000,0x00000000eaa80000,0x00000000fcc00000)
  from space 26112K, 58% used [0x00000000fe680000,0x00000000ff54b128,0x0000000100000000)
  to   space 26624K, 0% used [0x00000000fcc00000,0x00000000fcc00000,0x00000000fe600000)
 ParOldGen       total 492544K, used 254778K [0x00000000c0000000, 0x00000000de100000, 0x00000000eaa80000)
  object space 492544K, 51% used [0x00000000c0000000,0x00000000cf8ce9c0,0x00000000de100000)
 PSPermGen       total 132096K, used 131689K [0x00000000b0000000, 0x00000000b8100000, 0x00000000c0000000)
  object space 132096K, 99% used [0x00000000b0000000,0x00000000b809a4e0,0x00000000b8100000)
}
Event: 18594.056 GC heap before
{Heap before GC invocations=564 (full 197):
 PSYoungGen      total 322560K, used 71676K [0x00000000eaa80000, 0x0000000100000000, 0x0000000100000000)
  eden space 296448K, 19% used [0x00000000eaa80000,0x00000000ee1b4228,0x00000000fcc00000)
  from space 26112K, 58% used [0x00000000fe680000,0x00000000ff54b128,0x0000000100000000)
  to   space 26624K, 0% used [0x00000000fcc00000,0x00000000fcc00000,0x00000000fe600000)
 ParOldGen       total 492544K, used 254778K [0x00000000c0000000, 0x00000000de100000, 0x00000000eaa80000)
  object space 492544K, 51% used [0x00000000c0000000,0x00000000cf8ce9c0,0x00000000de100000)
 PSPermGen       total 132096K, used 131689K [0x00000000b0000000, 0x00000000b8100000, 0x00000000c0000000)
  object space 132096K, 99% used [0x00000000b0000000,0x00000000b809a6a0,0x00000000b8100000)
Event: 18594.075 GC heap after
Heap after GC invocations=564 (full 197):
 PSYoungGen      total 323072K, used 12496K [0x00000000eaa80000, 0x0000000100000000, 0x0000000100000000)
  eden space 296448K, 0% used [0x00000000eaa80000,0x00000000eaa80000,0x00000000fcc00000)
  from space 26624K, 46% used [0x00000000fcc00000,0x00000000fd834148,0x00000000fe600000)
  to   space 26112K, 0% used [0x00000000fe680000,0x00000000fe680000,0x0000000100000000)
 ParOldGen       total 492544K, used 254778K [0x00000000c0000000, 0x00000000de100000, 0x00000000eaa80000)
  object space 492544K, 51% used [0x00000000c0000000,0x00000000cf8ce9c0,0x00000000de100000)
 PSPermGen       total 132096K, used 131689K [0x00000000b0000000, 0x00000000b8100000, 0x00000000c0000000)
  object space 132096K, 99% used [0x00000000b0000000,0x00000000b809a6a0,0x00000000b8100000)
}
Event: 18594.075 GC heap before
{Heap before GC invocations=565 (full 198):
 PSYoungGen      total 323072K, used 12496K [0x00000000eaa80000, 0x0000000100000000, 0x0000000100000000)
  eden space 296448K, 0% used [0x00000000eaa80000,0x00000000eaa80000,0x00000000fcc00000)
  from space 26624K, 46% used [0x00000000fcc00000,0x00000000fd834148,0x00000000fe600000)
  to   space 26112K, 0% used [0x00000000fe680000,0x00000000fe680000,0x0000000100000000)
 ParOldGen       total 492544K, used 254778K [0x00000000c0000000, 0x00000000de100000, 0x00000000eaa80000)
  object space 492544K, 51% used [0x00000000c0000000,0x00000000cf8ce9c0,0x00000000de100000)
 PSPermGen       total 132096K, used 131689K [0x00000000b0000000, 0x00000000b8100000, 0x00000000c0000000)
  object space 132096K, 99% used [0x00000000b0000000,0x00000000b809a6a0,0x00000000b8100000)
Event: 18595.024 GC heap after
Heap after GC invocations=565 (full 198):
 PSYoungGen      total 323072K, used 0K [0x00000000eaa80000, 0x0000000100000000, 0x0000000100000000)
  eden space 296448K, 0% used [0x00000000eaa80000,0x00000000eaa80000,0x00000000fcc00000)
  from space 26624K, 0% used [0x00000000fcc00000,0x00000000fcc00000,0x00000000fe600000)
  to   space 26112K, 0% used [0x00000000fe680000,0x00000000fe680000,0x0000000100000000)
 ParOldGen       total 492544K, used 254705K [0x00000000c0000000, 0x00000000de100000, 0x00000000eaa80000)
  object space 492544K, 51% used [0x00000000c0000000,0x00000000cf8bc718,0x00000000de100000)
 PSPermGen       total 132096K, used 131684K [0x00000000b0000000, 0x00000000b8100000, 0x00000000c0000000)
  object space 132096K, 99% used [0x00000000b0000000,0x00000000b8099000,0x00000000b8100000)
}
Event: 18654.067 GC heap before
{Heap before GC invocations=566 (full 198):
 PSYoungGen      total 323072K, used 69722K [0x00000000eaa80000, 0x0000000100000000, 0x0000000100000000)
  eden space 296448K, 23% used [0x00000000eaa80000,0x00000000eee96860,0x00000000fcc00000)
  from space 26624K, 0% used [0x00000000fcc00000,0x00000000fcc00000,0x00000000fe600000)
  to   space 26112K, 0% used [0x00000000fe680000,0x00000000fe680000,0x0000000100000000)
 ParOldGen       total 492544K, used 254705K [0x00000000c0000000, 0x00000000de100000, 0x00000000eaa80000)
  object space 492544K, 51% used [0x00000000c0000000,0x00000000cf8bc718,0x00000000de100000)
 PSPermGen       total 132096K, used 131686K [0x00000000b0000000, 0x00000000b8100000, 0x00000000c0000000)
  object space 132096K, 99% used [0x00000000b0000000,0x00000000b8099950,0x00000000b8100000)
Event: 18654.073 GC heap after
Heap after GC invocations=566 (full 198):
 PSYoungGen      total 323584K, used 2537K [0x00000000eaa80000, 0x00000000fff80000, 0x0000000100000000)
  eden space 297984K, 0% used [0x00000000eaa80000,0x00000000eaa80000,0x00000000fcd80000)
  from space 25600K, 9% used [0x00000000fe680000,0x00000000fe8fa4a8,0x00000000fff80000)
  to   space 25600K, 0% used [0x00000000fcd80000,0x00000000fcd80000,0x00000000fe680000)
 ParOldGen       total 492544K, used 254705K [0x00000000c0000000, 0x00000000de100000, 0x00000000eaa80000)
  object space 492544K, 51% used [0x00000000c0000000,0x00000000cf8bc718,0x00000000de100000)
 PSPermGen       total 132096K, used 131686K [0x00000000b0000000, 0x00000000b8100000, 0x00000000c0000000)
  object space 132096K, 99% used [0x00000000b0000000,0x00000000b8099950,0x00000000b8100000)
}
Event: 18654.073 GC heap before
{Heap before GC invocations=567 (full 199):
 PSYoungGen      total 323584K, used 2537K [0x00000000eaa80000, 0x00000000fff80000, 0x0000000100000000)
  eden space 297984K, 0% used [0x00000000eaa80000,0x00000000eaa80000,0x00000000fcd80000)
  from space 25600K, 9% used [0x00000000fe680000,0x00000000fe8fa4a8,0x00000000fff80000)
  to   space 25600K, 0% used [0x00000000fcd80000,0x00000000fcd80000,0x00000000fe680000)
 ParOldGen       total 492544K, used 254705K [0x00000000c0000000, 0x00000000de100000, 0x00000000eaa80000)
  object space 492544K, 51% used [0x00000000c0000000,0x00000000cf8bc718,0x00000000de100000)
 PSPermGen       total 132096K, used 131686K [0x00000000b0000000, 0x00000000b8100000, 0x00000000c0000000)
  object space 132096K, 99% used [0x00000000b0000000,0x00000000b8099950,0x00000000b8100000)
Event: 18654.835 GC heap after
Heap after GC invocations=567 (full 199):
 PSYoungGen      total 323584K, used 0K [0x00000000eaa80000, 0x00000000fff80000, 0x0000000100000000)
  eden space 297984K, 0% used [0x00000000eaa80000,0x00000000eaa80000,0x00000000fcd80000)
  from space 25600K, 0% used [0x00000000fe680000,0x00000000fe680000,0x00000000fff80000)
  to   space 25600K, 0% used [0x00000000fcd80000,0x00000000fcd80000,0x00000000fe680000)
 ParOldGen       total 492544K, used 256306K [0x00000000c0000000, 0x00000000de100000, 0x00000000eaa80000)
  object space 492544K, 52% used [0x00000000c0000000,0x00000000cfa4ca58,0x00000000de100000)
 PSPermGen       total 132096K, used 131686K [0x00000000b0000000, 0x00000000b8100000, 0x00000000c0000000)
  object space 132096K, 99% used [0x00000000b0000000,0x00000000b8099890,0x00000000b8100000)
}

