# JRE version: Java(TM) SE Runtime Environment (7.0_79-b15) (build 1.7.0_79-b15)
# Java VM: Java HotSpot(TM) 64-Bit Server VM (24.79-b02 mixed mode windows-amd64 compressed oops)
Heap
 PSYoungGen      total 321536K, used 97674K [0x00000000eaa80000, 0x00000000ffd80000, 0x0000000100000000)
  eden space 294912K, 33% used [0x00000000eaa80000,0x00000000f09e28b0,0x00000000fca80000)
  from space 26624K, 0% used [0x00000000fca80000,0x00000000fca80000,0x00000000fe480000)
  to   space 25600K, 0% used [0x00000000fe480000,0x00000000fe480000,0x00000000ffd80000)
 ParOldGen       total 311296K, used 279482K [0x00000000c0000000, 0x00000000d3000000, 0x00000000eaa80000)
  object space 311296K, 89% used [0x00000000c0000000,0x00000000d10ee950,0x00000000d3000000)
 PSPermGen       total 139264K, used 138981K [0x00000000b0000000, 0x00000000b8800000, 0x00000000c0000000)
  object space 139264K, 99% used [0x00000000b0000000,0x00000000b87b9700,0x00000000b8800000)
GC Heap History (10 events):
Event: 21270.534 GC heap before
{Heap before GC invocations=792 (full 289):
 PSYoungGen      total 319488K, used 160K [0x00000000eaa80000, 0x0000000100000000, 0x0000000100000000)
  eden space 290304K, 0% used [0x00000000eaa80000,0x00000000eaa80000,0x00000000fc600000)
  from space 29184K, 0% used [0x00000000fc600000,0x00000000fc628000,0x00000000fe280000)
  to   space 28160K, 0% used [0x00000000fe480000,0x00000000fe480000,0x0000000100000000)
 ParOldGen       total 311296K, used 281027K [0x00000000c0000000, 0x00000000d3000000, 0x00000000eaa80000)
  object space 311296K, 90% used [0x00000000c0000000,0x00000000d1270d20,0x00000000d3000000)
 PSPermGen       total 139264K, used 138345K [0x00000000b0000000, 0x00000000b8800000, 0x00000000c0000000)
  object space 139264K, 99% used [0x00000000b0000000,0x00000000b871a678,0x00000000b8800000)
Event: 21271.012 GC heap after
Heap after GC invocations=792 (full 289):
 PSYoungGen      total 319488K, used 0K [0x00000000eaa80000, 0x0000000100000000, 0x0000000100000000)
  eden space 290304K, 0% used [0x00000000eaa80000,0x00000000eaa80000,0x00000000fc600000)
  from space 29184K, 0% used [0x00000000fc600000,0x00000000fc600000,0x00000000fe280000)
  to   space 28160K, 0% used [0x00000000fe480000,0x00000000fe480000,0x0000000100000000)
 ParOldGen       total 311296K, used 281011K [0x00000000c0000000, 0x00000000d3000000, 0x00000000eaa80000)
  object space 311296K, 90% used [0x00000000c0000000,0x00000000d126ce90,0x00000000d3000000)
 PSPermGen       total 139264K, used 138345K [0x00000000b0000000, 0x00000000b8800000, 0x00000000c0000000)
  object space 139264K, 99% used [0x00000000b0000000,0x00000000b871a678,0x00000000b8800000)
}
Event: 21330.531 GC heap before
{Heap before GC invocations=793 (full 289):
 PSYoungGen      total 319488K, used 9133K [0x00000000eaa80000, 0x0000000100000000, 0x0000000100000000)
  eden space 290304K, 3% used [0x00000000eaa80000,0x00000000eb36b708,0x00000000fc600000)
  from space 29184K, 0% used [0x00000000fc600000,0x00000000fc600000,0x00000000fe280000)
  to   space 28160K, 0% used [0x00000000fe480000,0x00000000fe480000,0x0000000100000000)
 ParOldGen       total 311296K, used 281011K [0x00000000c0000000, 0x00000000d3000000, 0x00000000eaa80000)
  object space 311296K, 90% used [0x00000000c0000000,0x00000000d126ce90,0x00000000d3000000)
 PSPermGen       total 139264K, used 138345K [0x00000000b0000000, 0x00000000b8800000, 0x00000000c0000000)
  object space 139264K, 99% used [0x00000000b0000000,0x00000000b871a6b8,0x00000000b8800000)
Event: 21330.539 GC heap after
Heap after GC invocations=793 (full 289):
 PSYoungGen      total 322560K, used 672K [0x00000000eaa80000, 0x00000000fff80000, 0x0000000100000000)
  eden space 294912K, 0% used [0x00000000eaa80000,0x00000000eaa80000,0x00000000fca80000)
  from space 27648K, 2% used [0x00000000fe480000,0x00000000fe528000,0x00000000fff80000)
  to   space 26624K, 0% used [0x00000000fca80000,0x00000000fca80000,0x00000000fe480000)
 ParOldGen       total 311296K, used 281011K [0x00000000c0000000, 0x00000000d3000000, 0x00000000eaa80000)
  object space 311296K, 90% used [0x00000000c0000000,0x00000000d126ce90,0x00000000d3000000)
 PSPermGen       total 139264K, used 138345K [0x00000000b0000000, 0x00000000b8800000, 0x00000000c0000000)
  object space 139264K, 99% used [0x00000000b0000000,0x00000000b871a6b8,0x00000000b8800000)
}
Event: 21330.539 GC heap before
{Heap before GC invocations=794 (full 290):
 PSYoungGen      total 322560K, used 672K [0x00000000eaa80000, 0x00000000fff80000, 0x0000000100000000)
  eden space 294912K, 0% used [0x00000000eaa80000,0x00000000eaa80000,0x00000000fca80000)
  from space 27648K, 2% used [0x00000000fe480000,0x00000000fe528000,0x00000000fff80000)
  to   space 26624K, 0% used [0x00000000fca80000,0x00000000fca80000,0x00000000fe480000)
 ParOldGen       total 311296K, used 281011K [0x00000000c0000000, 0x00000000d3000000, 0x00000000eaa80000)
  object space 311296K, 90% used [0x00000000c0000000,0x00000000d126ce90,0x00000000d3000000)
 PSPermGen       total 139264K, used 138345K [0x00000000b0000000, 0x00000000b8800000, 0x00000000c0000000)
  object space 139264K, 99% used [0x00000000b0000000,0x00000000b871a6b8,0x00000000b8800000)
Event: 21331.204 GC heap after
Heap after GC invocations=794 (full 290):
 PSYoungGen      total 322560K, used 0K [0x00000000eaa80000, 0x00000000fff80000, 0x0000000100000000)
  eden space 294912K, 0% used [0x00000000eaa80000,0x00000000eaa80000,0x00000000fca80000)
  from space 27648K, 0% used [0x00000000fe480000,0x00000000fe480000,0x00000000fff80000)
  to   space 26624K, 0% used [0x00000000fca80000,0x00000000fca80000,0x00000000fe480000)
 ParOldGen       total 311296K, used 279940K [0x00000000c0000000, 0x00000000d3000000, 0x00000000eaa80000)
  object space 311296K, 89% used [0x00000000c0000000,0x00000000d11613c0,0x00000000d3000000)
 PSPermGen       total 139264K, used 138345K [0x00000000b0000000, 0x00000000b8800000, 0x00000000c0000000)
  object space 139264K, 99% used [0x00000000b0000000,0x00000000b871a678,0x00000000b8800000)
}
Event: 21390.543 GC heap before
{Heap before GC invocations=795 (full 290):
 PSYoungGen      total 322560K, used 2545K [0x00000000eaa80000, 0x00000000fff80000, 0x0000000100000000)
  eden space 294912K, 0% used [0x00000000eaa80000,0x00000000eacfc4c0,0x00000000fca80000)
  from space 27648K, 0% used [0x00000000fe480000,0x00000000fe480000,0x00000000fff80000)
  to   space 26624K, 0% used [0x00000000fca80000,0x00000000fca80000,0x00000000fe480000)
 ParOldGen       total 311296K, used 279940K [0x00000000c0000000, 0x00000000d3000000, 0x00000000eaa80000)
  object space 311296K, 89% used [0x00000000c0000000,0x00000000d11613c0,0x00000000d3000000)
 PSPermGen       total 139264K, used 138345K [0x00000000b0000000, 0x00000000b8800000, 0x00000000c0000000)
  object space 139264K, 99% used [0x00000000b0000000,0x00000000b871a678,0x00000000b8800000)
Event: 21390.552 GC heap after
Heap after GC invocations=795 (full 290):
 PSYoungGen      total 321536K, used 96K [0x00000000eaa80000, 0x00000000ffd80000, 0x0000000100000000)
  eden space 294912K, 0% used [0x00000000eaa80000,0x00000000eaa80000,0x00000000fca80000)
  from space 26624K, 0% used [0x00000000fca80000,0x00000000fca98000,0x00000000fe480000)
  to   space 25600K, 0% used [0x00000000fe480000,0x00000000fe480000,0x00000000ffd80000)
 ParOldGen       total 311296K, used 279940K [0x00000000c0000000, 0x00000000d3000000, 0x00000000eaa80000)
  object space 311296K, 89% used [0x00000000c0000000,0x00000000d11613c0,0x00000000d3000000)
 PSPermGen       total 139264K, used 138345K [0x00000000b0000000, 0x00000000b8800000, 0x00000000c0000000)
  object space 139264K, 99% used [0x00000000b0000000,0x00000000b871a678,0x00000000b8800000)
}
Event: 21390.552 GC heap before
{Heap before GC invocations=796 (full 291):
 PSYoungGen      total 321536K, used 96K [0x00000000eaa80000, 0x00000000ffd80000, 0x0000000100000000)
  eden space 294912K, 0% used [0x00000000eaa80000,0x00000000eaa80000,0x00000000fca80000)
  from space 26624K, 0% used [0x00000000fca80000,0x00000000fca98000,0x00000000fe480000)
  to   space 25600K, 0% used [0x00000000fe480000,0x00000000fe480000,0x00000000ffd80000)
 ParOldGen       total 311296K, used 279940K [0x00000000c0000000, 0x00000000d3000000, 0x00000000eaa80000)
  object space 311296K, 89% used [0x00000000c0000000,0x00000000d11613c0,0x00000000d3000000)
 PSPermGen       total 139264K, used 138345K [0x00000000b0000000, 0x00000000b8800000, 0x00000000c0000000)
  object space 139264K, 99% used [0x00000000b0000000,0x00000000b871a678,0x00000000b8800000)
Event: 21391.196 GC heap after
Heap after GC invocations=796 (full 291):
 PSYoungGen      total 321536K, used 0K [0x00000000eaa80000, 0x00000000ffd80000, 0x0000000100000000)
  eden space 294912K, 0% used [0x00000000eaa80000,0x00000000eaa80000,0x00000000fca80000)
  from space 26624K, 0% used [0x00000000fca80000,0x00000000fca80000,0x00000000fe480000)
  to   space 25600K, 0% used [0x00000000fe480000,0x00000000fe480000,0x00000000ffd80000)
 ParOldGen       total 311296K, used 279482K [0x00000000c0000000, 0x00000000d3000000, 0x00000000eaa80000)
  object space 311296K, 89% used [0x00000000c0000000,0x00000000d10ee950,0x00000000d3000000)
 PSPermGen       total 139264K, used 138345K [0x00000000b0000000, 0x00000000b8800000, 0x00000000c0000000)
  object space 139264K, 99% used [0x00000000b0000000,0x00000000b871a678,0x00000000b8800000)
}

