# JRE version: Java(TM) SE Runtime Environment (7.0_79-b15) (build 1.7.0_79-b15)
# Java VM: Java HotSpot(TM) 64-Bit Server VM (24.79-b02 mixed mode windows-amd64 compressed oops)
Heap
 PSYoungGen      total 301056K, used 193565K [0x00000000eaa80000, 0x00000000fd900000, 0x0000000100000000)
  eden space 294400K, 64% used [0x00000000eaa80000,0x00000000f63ed618,0x00000000fca00000)
  from space 6656K, 55% used [0x00000000fd100000,0x00000000fd499f00,0x00000000fd780000)
  to   space 7168K, 0% used [0x00000000fca00000,0x00000000fca00000,0x00000000fd100000)
 ParOldGen       total 548864K, used 277425K [0x00000000c0000000, 0x00000000e1800000, 0x00000000eaa80000)
  object space 548864K, 50% used [0x00000000c0000000,0x00000000d0eec5d8,0x00000000e1800000)
 PSPermGen       total 144896K, used 144832K [0x00000000b0000000, 0x00000000b8d80000, 0x00000000c0000000)
  object space 144896K, 99% used [0x00000000b0000000,0x00000000b8d70220,0x00000000b8d80000)
GC Heap History (10 events):
Event: 75374.020 GC heap before
{Heap before GC invocations=2547 (full 1209):
 PSYoungGen      total 283648K, used 281475K [0x00000000eaa80000, 0x00000000fca00000, 0x0000000100000000)
  eden space 278016K, 100% used [0x00000000eaa80000,0x00000000fba00000,0x00000000fba00000)
  from space 5632K, 61% used [0x00000000fba00000,0x00000000fbd60f00,0x00000000fbf80000)
  to   space 6144K, 0% used [0x00000000fc400000,0x00000000fc400000,0x00000000fca00000)
 ParOldGen       total 548864K, used 277425K [0x00000000c0000000, 0x00000000e1800000, 0x00000000eaa80000)
  object space 548864K, 50% used [0x00000000c0000000,0x00000000d0eec5d8,0x00000000e1800000)
 PSPermGen       total 144896K, used 144684K [0x00000000b0000000, 0x00000000b8d80000, 0x00000000c0000000)
  object space 144896K, 99% used [0x00000000b0000000,0x00000000b8d4b200,0x00000000b8d80000)
Event: 75374.031 GC heap after
Heap after GC invocations=2547 (full 1209):
 PSYoungGen      total 288256K, used 3699K [0x00000000eaa80000, 0x00000000fcb00000, 0x0000000100000000)
  eden space 282112K, 0% used [0x00000000eaa80000,0x00000000eaa80000,0x00000000fbe00000)
  from space 6144K, 60% used [0x00000000fc400000,0x00000000fc79cf10,0x00000000fca00000)
  to   space 6144K, 0% used [0x00000000fbe00000,0x00000000fbe00000,0x00000000fc400000)
 ParOldGen       total 548864K, used 277425K [0x00000000c0000000, 0x00000000e1800000, 0x00000000eaa80000)
  object space 548864K, 50% used [0x00000000c0000000,0x00000000d0eec5d8,0x00000000e1800000)
 PSPermGen       total 144896K, used 144684K [0x00000000b0000000, 0x00000000b8d80000, 0x00000000c0000000)
  object space 144896K, 99% used [0x00000000b0000000,0x00000000b8d4b200,0x00000000b8d80000)
}
Event: 75377.240 GC heap before
{Heap before GC invocations=2548 (full 1209):
 PSYoungGen      total 288256K, used 285811K [0x00000000eaa80000, 0x00000000fcb00000, 0x0000000100000000)
  eden space 282112K, 100% used [0x00000000eaa80000,0x00000000fbe00000,0x00000000fbe00000)
  from space 6144K, 60% used [0x00000000fc400000,0x00000000fc79cf10,0x00000000fca00000)
  to   space 6144K, 0% used [0x00000000fbe00000,0x00000000fbe00000,0x00000000fc400000)
 ParOldGen       total 548864K, used 277425K [0x00000000c0000000, 0x00000000e1800000, 0x00000000eaa80000)
  object space 548864K, 50% used [0x00000000c0000000,0x00000000d0eec5d8,0x00000000e1800000)
 PSPermGen       total 144896K, used 144689K [0x00000000b0000000, 0x00000000b8d80000, 0x00000000c0000000)
  object space 144896K, 99% used [0x00000000b0000000,0x00000000b8d4c428,0x00000000b8d80000)
Event: 75377.249 GC heap after
Heap after GC invocations=2548 (full 1209):
 PSYoungGen      total 288256K, used 3971K [0x00000000eaa80000, 0x00000000fd080000, 0x0000000100000000)
  eden space 282112K, 0% used [0x00000000eaa80000,0x00000000eaa80000,0x00000000fbe00000)
  from space 6144K, 64% used [0x00000000fbe00000,0x00000000fc1e0f00,0x00000000fc400000)
  to   space 6656K, 0% used [0x00000000fca00000,0x00000000fca00000,0x00000000fd080000)
 ParOldGen       total 548864K, used 277425K [0x00000000c0000000, 0x00000000e1800000, 0x00000000eaa80000)
  object space 548864K, 50% used [0x00000000c0000000,0x00000000d0eec5d8,0x00000000e1800000)
 PSPermGen       total 144896K, used 144689K [0x00000000b0000000, 0x00000000b8d80000, 0x00000000c0000000)
  object space 144896K, 99% used [0x00000000b0000000,0x00000000b8d4c428,0x00000000b8d80000)
}
Event: 75380.545 GC heap before
{Heap before GC invocations=2549 (full 1209):
 PSYoungGen      total 288256K, used 286083K [0x00000000eaa80000, 0x00000000fd080000, 0x0000000100000000)
  eden space 282112K, 100% used [0x00000000eaa80000,0x00000000fbe00000,0x00000000fbe00000)
  from space 6144K, 64% used [0x00000000fbe00000,0x00000000fc1e0f00,0x00000000fc400000)
  to   space 6656K, 0% used [0x00000000fca00000,0x00000000fca00000,0x00000000fd080000)
 ParOldGen       total 548864K, used 277425K [0x00000000c0000000, 0x00000000e1800000, 0x00000000eaa80000)
  object space 548864K, 50% used [0x00000000c0000000,0x00000000d0eec5d8,0x00000000e1800000)
 PSPermGen       total 144896K, used 144691K [0x00000000b0000000, 0x00000000b8d80000, 0x00000000c0000000)
  object space 144896K, 99% used [0x00000000b0000000,0x00000000b8d4ccc0,0x00000000b8d80000)
Event: 75380.557 GC heap after
Heap after GC invocations=2549 (full 1209):
 PSYoungGen      total 294400K, used 3571K [0x00000000eaa80000, 0x00000000fd180000, 0x0000000100000000)
  eden space 287744K, 0% used [0x00000000eaa80000,0x00000000eaa80000,0x00000000fc380000)
  from space 6656K, 53% used [0x00000000fca00000,0x00000000fcd7cf10,0x00000000fd080000)
  to   space 6656K, 0% used [0x00000000fc380000,0x00000000fc380000,0x00000000fca00000)
 ParOldGen       total 548864K, used 277425K [0x00000000c0000000, 0x00000000e1800000, 0x00000000eaa80000)
  object space 548864K, 50% used [0x00000000c0000000,0x00000000d0eec5d8,0x00000000e1800000)
 PSPermGen       total 144896K, used 144691K [0x00000000b0000000, 0x00000000b8d80000, 0x00000000c0000000)
  object space 144896K, 99% used [0x00000000b0000000,0x00000000b8d4ccc0,0x00000000b8d80000)
}
Event: 75383.683 GC heap before
{Heap before GC invocations=2550 (full 1209):
 PSYoungGen      total 294400K, used 291315K [0x00000000eaa80000, 0x00000000fd180000, 0x0000000100000000)
  eden space 287744K, 100% used [0x00000000eaa80000,0x00000000fc380000,0x00000000fc380000)
  from space 6656K, 53% used [0x00000000fca00000,0x00000000fcd7cf10,0x00000000fd080000)
  to   space 6656K, 0% used [0x00000000fc380000,0x00000000fc380000,0x00000000fca00000)
 ParOldGen       total 548864K, used 277425K [0x00000000c0000000, 0x00000000e1800000, 0x00000000eaa80000)
  object space 548864K, 50% used [0x00000000c0000000,0x00000000d0eec5d8,0x00000000e1800000)
 PSPermGen       total 144896K, used 144693K [0x00000000b0000000, 0x00000000b8d80000, 0x00000000c0000000)
  object space 144896K, 99% used [0x00000000b0000000,0x00000000b8d4d590,0x00000000b8d80000)
Event: 75383.692 GC heap after
Heap after GC invocations=2550 (full 1209):
 PSYoungGen      total 294400K, used 4075K [0x00000000eaa80000, 0x00000000fd780000, 0x0000000100000000)
  eden space 287744K, 0% used [0x00000000eaa80000,0x00000000eaa80000,0x00000000fc380000)
  from space 6656K, 61% used [0x00000000fc380000,0x00000000fc77af10,0x00000000fca00000)
  to   space 6656K, 0% used [0x00000000fd100000,0x00000000fd100000,0x00000000fd780000)
 ParOldGen       total 548864K, used 277425K [0x00000000c0000000, 0x00000000e1800000, 0x00000000eaa80000)
  object space 548864K, 50% used [0x00000000c0000000,0x00000000d0eec5d8,0x00000000e1800000)
 PSPermGen       total 144896K, used 144693K [0x00000000b0000000, 0x00000000b8d80000, 0x00000000c0000000)
  object space 144896K, 99% used [0x00000000b0000000,0x00000000b8d4d590,0x00000000b8d80000)
}
Event: 75386.987 GC heap before
{Heap before GC invocations=2551 (full 1209):
 PSYoungGen      total 294400K, used 291819K [0x00000000eaa80000, 0x00000000fd780000, 0x0000000100000000)
  eden space 287744K, 100% used [0x00000000eaa80000,0x00000000fc380000,0x00000000fc380000)
  from space 6656K, 61% used [0x00000000fc380000,0x00000000fc77af10,0x00000000fca00000)
  to   space 6656K, 0% used [0x00000000fd100000,0x00000000fd100000,0x00000000fd780000)
 ParOldGen       total 548864K, used 277425K [0x00000000c0000000, 0x00000000e1800000, 0x00000000eaa80000)
  object space 548864K, 50% used [0x00000000c0000000,0x00000000d0eec5d8,0x00000000e1800000)
 PSPermGen       total 144896K, used 144704K [0x00000000b0000000, 0x00000000b8d80000, 0x00000000c0000000)
  object space 144896K, 99% used [0x00000000b0000000,0x00000000b8d501f0,0x00000000b8d80000)
Event: 75386.997 GC heap after
Heap after GC invocations=2551 (full 1209):
 PSYoungGen      total 301056K, used 3687K [0x00000000eaa80000, 0x00000000fd900000, 0x0000000100000000)
  eden space 294400K, 0% used [0x00000000eaa80000,0x00000000eaa80000,0x00000000fca00000)
  from space 6656K, 55% used [0x00000000fd100000,0x00000000fd499f00,0x00000000fd780000)
  to   space 7168K, 0% used [0x00000000fca00000,0x00000000fca00000,0x00000000fd100000)
 ParOldGen       total 548864K, used 277425K [0x00000000c0000000, 0x00000000e1800000, 0x00000000eaa80000)
  object space 548864K, 50% used [0x00000000c0000000,0x00000000d0eec5d8,0x00000000e1800000)
 PSPermGen       total 144896K, used 144704K [0x00000000b0000000, 0x00000000b8d80000, 0x00000000c0000000)
  object space 144896K, 99% used [0x00000000b0000000,0x00000000b8d501f0,0x00000000b8d80000)
}

