# JRE version: Java(TM) SE Runtime Environment (7.0_79-b15) (build 1.7.0_79-b15)
# Java VM: Java HotSpot(TM) 64-Bit Server VM (24.79-b02 mixed mode windows-amd64 compressed oops)
Heap
 PSYoungGen      total 271872K, used 64647K [0x00000000eaa80000, 0x00000000fba80000, 0x0000000100000000)
  eden space 271360K, 23% used [0x00000000eaa80000,0x00000000ee9a1db8,0x00000000fb380000)
  from space 512K, 0% used [0x00000000fb380000,0x00000000fb380000,0x00000000fb400000)
  to   space 3584K, 0% used [0x00000000fb700000,0x00000000fb700000,0x00000000fba80000)
 ParOldGen       total 305152K, used 234664K [0x00000000c0000000, 0x00000000d2a00000, 0x00000000eaa80000)
  object space 305152K, 76% used [0x00000000c0000000,0x00000000ce52a270,0x00000000d2a00000)
 PSPermGen       total 129536K, used 129194K [0x00000000b0000000, 0x00000000b7e80000, 0x00000000c0000000)
  object space 129536K, 99% used [0x00000000b0000000,0x00000000b7e2aac8,0x00000000b7e80000)
GC Heap History (10 events):
Event: 5251.527 GC heap before
{Heap before GC invocations=182 (full 71):
 PSYoungGen      total 271872K, used 128K [0x00000000eaa80000, 0x00000000fbb80000, 0x0000000100000000)
  eden space 271360K, 0% used [0x00000000eaa80000,0x00000000eaa80000,0x00000000fb380000)
  from space 512K, 25% used [0x00000000fb380000,0x00000000fb3a0000,0x00000000fb400000)
  to   space 4096K, 0% used [0x00000000fb780000,0x00000000fb780000,0x00000000fbb80000)
 ParOldGen       total 305152K, used 234664K [0x00000000c0000000, 0x00000000d2a00000, 0x00000000eaa80000)
  object space 305152K, 76% used [0x00000000c0000000,0x00000000ce52a270,0x00000000d2a00000)
 PSPermGen       total 129024K, used 128517K [0x00000000b0000000, 0x00000000b7e00000, 0x00000000c0000000)
  object space 129024K, 99% used [0x00000000b0000000,0x00000000b7d81550,0x00000000b7e00000)
Event: 5252.199 GC heap after
Heap after GC invocations=182 (full 71):
 PSYoungGen      total 271872K, used 0K [0x00000000eaa80000, 0x00000000fbb80000, 0x0000000100000000)
  eden space 271360K, 0% used [0x00000000eaa80000,0x00000000eaa80000,0x00000000fb380000)
  from space 512K, 0% used [0x00000000fb380000,0x00000000fb380000,0x00000000fb400000)
  to   space 4096K, 0% used [0x00000000fb780000,0x00000000fb780000,0x00000000fbb80000)
 ParOldGen       total 305152K, used 234664K [0x00000000c0000000, 0x00000000d2a00000, 0x00000000eaa80000)
  object space 305152K, 76% used [0x00000000c0000000,0x00000000ce52a270,0x00000000d2a00000)
 PSPermGen       total 129024K, used 128517K [0x00000000b0000000, 0x00000000b7e00000, 0x00000000c0000000)
  object space 129024K, 99% used [0x00000000b0000000,0x00000000b7d81550,0x00000000b7e00000)
}
Event: 5311.517 GC heap before
{Heap before GC invocations=183 (full 71):
 PSYoungGen      total 271872K, used 3805K [0x00000000eaa80000, 0x00000000fbb80000, 0x0000000100000000)
  eden space 271360K, 1% used [0x00000000eaa80000,0x00000000eae37450,0x00000000fb380000)
  from space 512K, 0% used [0x00000000fb380000,0x00000000fb380000,0x00000000fb400000)
  to   space 4096K, 0% used [0x00000000fb780000,0x00000000fb780000,0x00000000fbb80000)
 ParOldGen       total 305152K, used 234664K [0x00000000c0000000, 0x00000000d2a00000, 0x00000000eaa80000)
  object space 305152K, 76% used [0x00000000c0000000,0x00000000ce52a270,0x00000000d2a00000)
 PSPermGen       total 129024K, used 128517K [0x00000000b0000000, 0x00000000b7e00000, 0x00000000c0000000)
  object space 129024K, 99% used [0x00000000b0000000,0x00000000b7d81550,0x00000000b7e00000)
Event: 5311.524 GC heap after
Heap after GC invocations=183 (full 71):
 PSYoungGen      total 275456K, used 96K [0x00000000eaa80000, 0x00000000fbb80000, 0x0000000100000000)
  eden space 271360K, 0% used [0x00000000eaa80000,0x00000000eaa80000,0x00000000fb380000)
  from space 4096K, 2% used [0x00000000fb780000,0x00000000fb798000,0x00000000fbb80000)
  to   space 4096K, 0% used [0x00000000fb380000,0x00000000fb380000,0x00000000fb780000)
 ParOldGen       total 305152K, used 234664K [0x00000000c0000000, 0x00000000d2a00000, 0x00000000eaa80000)
  object space 305152K, 76% used [0x00000000c0000000,0x00000000ce52a270,0x00000000d2a00000)
 PSPermGen       total 129024K, used 128517K [0x00000000b0000000, 0x00000000b7e00000, 0x00000000c0000000)
  object space 129024K, 99% used [0x00000000b0000000,0x00000000b7d81550,0x00000000b7e00000)
}
Event: 5311.524 GC heap before
{Heap before GC invocations=184 (full 72):
 PSYoungGen      total 275456K, used 96K [0x00000000eaa80000, 0x00000000fbb80000, 0x0000000100000000)
  eden space 271360K, 0% used [0x00000000eaa80000,0x00000000eaa80000,0x00000000fb380000)
  from space 4096K, 2% used [0x00000000fb780000,0x00000000fb798000,0x00000000fbb80000)
  to   space 4096K, 0% used [0x00000000fb380000,0x00000000fb380000,0x00000000fb780000)
 ParOldGen       total 305152K, used 234664K [0x00000000c0000000, 0x00000000d2a00000, 0x00000000eaa80000)
  object space 305152K, 76% used [0x00000000c0000000,0x00000000ce52a270,0x00000000d2a00000)
 PSPermGen       total 129024K, used 128517K [0x00000000b0000000, 0x00000000b7e00000, 0x00000000c0000000)
  object space 129024K, 99% used [0x00000000b0000000,0x00000000b7d81550,0x00000000b7e00000)
Event: 5312.229 GC heap after
Heap after GC invocations=184 (full 72):
 PSYoungGen      total 275456K, used 0K [0x00000000eaa80000, 0x00000000fbb80000, 0x0000000100000000)
  eden space 271360K, 0% used [0x00000000eaa80000,0x00000000eaa80000,0x00000000fb380000)
  from space 4096K, 0% used [0x00000000fb780000,0x00000000fb780000,0x00000000fbb80000)
  to   space 4096K, 0% used [0x00000000fb380000,0x00000000fb380000,0x00000000fb780000)
 ParOldGen       total 305152K, used 234664K [0x00000000c0000000, 0x00000000d2a00000, 0x00000000eaa80000)
  object space 305152K, 76% used [0x00000000c0000000,0x00000000ce52a270,0x00000000d2a00000)
 PSPermGen       total 129024K, used 128517K [0x00000000b0000000, 0x00000000b7e00000, 0x00000000c0000000)
  object space 129024K, 99% used [0x00000000b0000000,0x00000000b7d81550,0x00000000b7e00000)
}
Event: 5371.530 GC heap before
{Heap before GC invocations=185 (full 72):
 PSYoungGen      total 275456K, used 3805K [0x00000000eaa80000, 0x00000000fbb80000, 0x0000000100000000)
  eden space 271360K, 1% used [0x00000000eaa80000,0x00000000eae374b0,0x00000000fb380000)
  from space 4096K, 0% used [0x00000000fb780000,0x00000000fb780000,0x00000000fbb80000)
  to   space 4096K, 0% used [0x00000000fb380000,0x00000000fb380000,0x00000000fb780000)
 ParOldGen       total 305152K, used 234664K [0x00000000c0000000, 0x00000000d2a00000, 0x00000000eaa80000)
  object space 305152K, 76% used [0x00000000c0000000,0x00000000ce52a270,0x00000000d2a00000)
 PSPermGen       total 129024K, used 128517K [0x00000000b0000000, 0x00000000b7e00000, 0x00000000c0000000)
  object space 129024K, 99% used [0x00000000b0000000,0x00000000b7d81550,0x00000000b7e00000)
Event: 5371.537 GC heap after
Heap after GC invocations=185 (full 72):
 PSYoungGen      total 271872K, used 128K [0x00000000eaa80000, 0x00000000fba80000, 0x0000000100000000)
  eden space 271360K, 0% used [0x00000000eaa80000,0x00000000eaa80000,0x00000000fb380000)
  from space 512K, 25% used [0x00000000fb380000,0x00000000fb3a0000,0x00000000fb400000)
  to   space 3584K, 0% used [0x00000000fb700000,0x00000000fb700000,0x00000000fba80000)
 ParOldGen       total 305152K, used 234664K [0x00000000c0000000, 0x00000000d2a00000, 0x00000000eaa80000)
  object space 305152K, 76% used [0x00000000c0000000,0x00000000ce52a270,0x00000000d2a00000)
 PSPermGen       total 129024K, used 128517K [0x00000000b0000000, 0x00000000b7e00000, 0x00000000c0000000)
  object space 129024K, 99% used [0x00000000b0000000,0x00000000b7d81550,0x00000000b7e00000)
}
Event: 5371.537 GC heap before
{Heap before GC invocations=186 (full 73):
 PSYoungGen      total 271872K, used 128K [0x00000000eaa80000, 0x00000000fba80000, 0x0000000100000000)
  eden space 271360K, 0% used [0x00000000eaa80000,0x00000000eaa80000,0x00000000fb380000)
  from space 512K, 25% used [0x00000000fb380000,0x00000000fb3a0000,0x00000000fb400000)
  to   space 3584K, 0% used [0x00000000fb700000,0x00000000fb700000,0x00000000fba80000)
 ParOldGen       total 305152K, used 234664K [0x00000000c0000000, 0x00000000d2a00000, 0x00000000eaa80000)
  object space 305152K, 76% used [0x00000000c0000000,0x00000000ce52a270,0x00000000d2a00000)
 PSPermGen       total 129024K, used 128517K [0x00000000b0000000, 0x00000000b7e00000, 0x00000000c0000000)
  object space 129024K, 99% used [0x00000000b0000000,0x00000000b7d81550,0x00000000b7e00000)
Event: 5371.911 GC heap after
Heap after GC invocations=186 (full 73):
 PSYoungGen      total 271872K, used 0K [0x00000000eaa80000, 0x00000000fba80000, 0x0000000100000000)
  eden space 271360K, 0% used [0x00000000eaa80000,0x00000000eaa80000,0x00000000fb380000)
  from space 512K, 0% used [0x00000000fb380000,0x00000000fb380000,0x00000000fb400000)
  to   space 3584K, 0% used [0x00000000fb700000,0x00000000fb700000,0x00000000fba80000)
 ParOldGen       total 305152K, used 234664K [0x00000000c0000000, 0x00000000d2a00000, 0x00000000eaa80000)
  object space 305152K, 76% used [0x00000000c0000000,0x00000000ce52a270,0x00000000d2a00000)
 PSPermGen       total 129024K, used 128517K [0x00000000b0000000, 0x00000000b7e00000, 0x00000000c0000000)
  object space 129024K, 99% used [0x00000000b0000000,0x00000000b7d81550,0x00000000b7e00000)
}

