# JRE version: Java(TM) SE Runtime Environment (7.0_79-b15) (build 1.7.0_79-b15)
# Java VM: Java HotSpot(TM) 64-Bit Server VM (24.79-b02 mixed mode windows-amd64 compressed oops)
Heap
 PSYoungGen      total 336896K, used 206500K [0x00000000eaa80000, 0x0000000100000000, 0x0000000100000000)
  eden space 325632K, 61% used [0x00000000eaa80000,0x00000000f6ed72c8,0x00000000fe880000)
  from space 11264K, 48% used [0x00000000fe880000,0x00000000fedd1ef8,0x00000000ff380000)
  to   space 10752K, 0% used [0x00000000ff580000,0x00000000ff580000,0x0000000100000000)
 ParOldGen       total 471552K, used 314046K [0x00000000c0000000, 0x00000000dcc80000, 0x00000000eaa80000)
  object space 471552K, 66% used [0x00000000c0000000,0x00000000d32af948,0x00000000dcc80000)
 PSPermGen       total 142848K, used 142531K [0x00000000b0000000, 0x00000000b8b80000, 0x00000000c0000000)
  object space 142848K, 99% used [0x00000000b0000000,0x00000000b8b30cb8,0x00000000b8b80000)
GC Heap History (10 events):
Event: 81196.341 GC heap before
{Heap before GC invocations=3022 (full 1309):
 PSYoungGen      total 330752K, used 324095K [0x00000000eaa80000, 0x00000000ffd00000, 0x0000000100000000)
  eden space 318976K, 100% used [0x00000000eaa80000,0x00000000fe200000,0x00000000fe200000)
  from space 11776K, 43% used [0x00000000ff180000,0x00000000ff67fef8,0x00000000ffd00000)
  to   space 13824K, 0% used [0x00000000fe200000,0x00000000fe200000,0x00000000fef80000)
 ParOldGen       total 471552K, used 314046K [0x00000000c0000000, 0x00000000dcc80000, 0x00000000eaa80000)
  object space 471552K, 66% used [0x00000000c0000000,0x00000000d32af948,0x00000000dcc80000)
 PSPermGen       total 142848K, used 142356K [0x00000000b0000000, 0x00000000b8b80000, 0x00000000c0000000)
  object space 142848K, 99% used [0x00000000b0000000,0x00000000b8b05130,0x00000000b8b80000)
Event: 81196.355 GC heap after
Heap after GC invocations=3022 (full 1309):
 PSYoungGen      total 332800K, used 5079K [0x00000000eaa80000, 0x0000000100000000, 0x0000000100000000)
  eden space 318976K, 0% used [0x00000000eaa80000,0x00000000eaa80000,0x00000000fe200000)
  from space 13824K, 36% used [0x00000000fe200000,0x00000000fe6f5f08,0x00000000fef80000)
  to   space 12800K, 0% used [0x00000000ff380000,0x00000000ff380000,0x0000000100000000)
 ParOldGen       total 471552K, used 314046K [0x00000000c0000000, 0x00000000dcc80000, 0x00000000eaa80000)
  object space 471552K, 66% used [0x00000000c0000000,0x00000000d32af948,0x00000000dcc80000)
 PSPermGen       total 142848K, used 142356K [0x00000000b0000000, 0x00000000b8b80000, 0x00000000c0000000)
  object space 142848K, 99% used [0x00000000b0000000,0x00000000b8b05130,0x00000000b8b80000)
}
Event: 81200.052 GC heap before
{Heap before GC invocations=3023 (full 1309):
 PSYoungGen      total 332800K, used 324055K [0x00000000eaa80000, 0x0000000100000000, 0x0000000100000000)
  eden space 318976K, 100% used [0x00000000eaa80000,0x00000000fe200000,0x00000000fe200000)
  from space 13824K, 36% used [0x00000000fe200000,0x00000000fe6f5f08,0x00000000fef80000)
  to   space 12800K, 0% used [0x00000000ff380000,0x00000000ff380000,0x0000000100000000)
 ParOldGen       total 471552K, used 314046K [0x00000000c0000000, 0x00000000dcc80000, 0x00000000eaa80000)
  object space 471552K, 66% used [0x00000000c0000000,0x00000000d32af948,0x00000000dcc80000)
 PSPermGen       total 142848K, used 142361K [0x00000000b0000000, 0x00000000b8b80000, 0x00000000c0000000)
  object space 142848K, 99% used [0x00000000b0000000,0x00000000b8b064d8,0x00000000b8b80000)
Event: 81200.064 GC heap after
Heap after GC invocations=3023 (full 1309):
 PSYoungGen      total 333824K, used 5375K [0x00000000eaa80000, 0x00000000ffe00000, 0x0000000100000000)
  eden space 323072K, 0% used [0x00000000eaa80000,0x00000000eaa80000,0x00000000fe600000)
  from space 10752K, 49% used [0x00000000ff380000,0x00000000ff8bfef8,0x00000000ffe00000)
  to   space 12288K, 0% used [0x00000000fe600000,0x00000000fe600000,0x00000000ff200000)
 ParOldGen       total 471552K, used 314046K [0x00000000c0000000, 0x00000000dcc80000, 0x00000000eaa80000)
  object space 471552K, 66% used [0x00000000c0000000,0x00000000d32af948,0x00000000dcc80000)
 PSPermGen       total 142848K, used 142361K [0x00000000b0000000, 0x00000000b8b80000, 0x00000000c0000000)
  object space 142848K, 99% used [0x00000000b0000000,0x00000000b8b064d8,0x00000000b8b80000)
}
Event: 81204.017 GC heap before
{Heap before GC invocations=3024 (full 1309):
 PSYoungGen      total 333824K, used 328447K [0x00000000eaa80000, 0x00000000ffe00000, 0x0000000100000000)
  eden space 323072K, 100% used [0x00000000eaa80000,0x00000000fe600000,0x00000000fe600000)
  from space 10752K, 49% used [0x00000000ff380000,0x00000000ff8bfef8,0x00000000ffe00000)
  to   space 12288K, 0% used [0x00000000fe600000,0x00000000fe600000,0x00000000ff200000)
 ParOldGen       total 471552K, used 314046K [0x00000000c0000000, 0x00000000dcc80000, 0x00000000eaa80000)
  object space 471552K, 66% used [0x00000000c0000000,0x00000000d32af948,0x00000000dcc80000)
 PSPermGen       total 142848K, used 142362K [0x00000000b0000000, 0x00000000b8b80000, 0x00000000c0000000)
  object space 142848K, 99% used [0x00000000b0000000,0x00000000b8b068a8,0x00000000b8b80000)
Event: 81204.030 GC heap after
Heap after GC invocations=3024 (full 1309):
 PSYoungGen      total 335360K, used 5039K [0x00000000eaa80000, 0x0000000100000000, 0x0000000100000000)
  eden space 323072K, 0% used [0x00000000eaa80000,0x00000000eaa80000,0x00000000fe600000)
  from space 12288K, 41% used [0x00000000fe600000,0x00000000feaebee8,0x00000000ff200000)
  to   space 11776K, 0% used [0x00000000ff480000,0x00000000ff480000,0x0000000100000000)
 ParOldGen       total 471552K, used 314046K [0x00000000c0000000, 0x00000000dcc80000, 0x00000000eaa80000)
  object space 471552K, 66% used [0x00000000c0000000,0x00000000d32af948,0x00000000dcc80000)
 PSPermGen       total 142848K, used 142362K [0x00000000b0000000, 0x00000000b8b80000, 0x00000000c0000000)
  object space 142848K, 99% used [0x00000000b0000000,0x00000000b8b068a8,0x00000000b8b80000)
}
Event: 81207.483 GC heap before
{Heap before GC invocations=3025 (full 1309):
 PSYoungGen      total 335360K, used 328111K [0x00000000eaa80000, 0x0000000100000000, 0x0000000100000000)
  eden space 323072K, 100% used [0x00000000eaa80000,0x00000000fe600000,0x00000000fe600000)
  from space 12288K, 41% used [0x00000000fe600000,0x00000000feaebee8,0x00000000ff200000)
  to   space 11776K, 0% used [0x00000000ff480000,0x00000000ff480000,0x0000000100000000)
 ParOldGen       total 471552K, used 314046K [0x00000000c0000000, 0x00000000dcc80000, 0x00000000eaa80000)
  object space 471552K, 66% used [0x00000000c0000000,0x00000000d32af948,0x00000000dcc80000)
 PSPermGen       total 142848K, used 142365K [0x00000000b0000000, 0x00000000b8b80000, 0x00000000c0000000)
  object space 142848K, 99% used [0x00000000b0000000,0x00000000b8b07730,0x00000000b8b80000)
Event: 81207.494 GC heap after
Heap after GC invocations=3025 (full 1309):
 PSYoungGen      total 335872K, used 4903K [0x00000000eaa80000, 0x00000000ffe80000, 0x0000000100000000)
  eden space 325632K, 0% used [0x00000000eaa80000,0x00000000eaa80000,0x00000000fe880000)
  from space 10240K, 47% used [0x00000000ff480000,0x00000000ff949ef8,0x00000000ffe80000)
  to   space 11264K, 0% used [0x00000000fe880000,0x00000000fe880000,0x00000000ff380000)
 ParOldGen       total 471552K, used 314046K [0x00000000c0000000, 0x00000000dcc80000, 0x00000000eaa80000)
  object space 471552K, 66% used [0x00000000c0000000,0x00000000d32af948,0x00000000dcc80000)
 PSPermGen       total 142848K, used 142365K [0x00000000b0000000, 0x00000000b8b80000, 0x00000000c0000000)
  object space 142848K, 99% used [0x00000000b0000000,0x00000000b8b07730,0x00000000b8b80000)
}
Event: 81211.086 GC heap before
{Heap before GC invocations=3026 (full 1309):
 PSYoungGen      total 335872K, used 330535K [0x00000000eaa80000, 0x00000000ffe80000, 0x0000000100000000)
  eden space 325632K, 100% used [0x00000000eaa80000,0x00000000fe880000,0x00000000fe880000)
  from space 10240K, 47% used [0x00000000ff480000,0x00000000ff949ef8,0x00000000ffe80000)
  to   space 11264K, 0% used [0x00000000fe880000,0x00000000fe880000,0x00000000ff380000)
 ParOldGen       total 471552K, used 314046K [0x00000000c0000000, 0x00000000dcc80000, 0x00000000eaa80000)
  object space 471552K, 66% used [0x00000000c0000000,0x00000000d32af948,0x00000000dcc80000)
 PSPermGen       total 142848K, used 142383K [0x00000000b0000000, 0x00000000b8b80000, 0x00000000c0000000)
  object space 142848K, 99% used [0x00000000b0000000,0x00000000b8b0bcc8,0x00000000b8b80000)
Event: 81211.099 GC heap after
Heap after GC invocations=3026 (full 1309):
 PSYoungGen      total 336896K, used 5447K [0x00000000eaa80000, 0x0000000100000000, 0x0000000100000000)
  eden space 325632K, 0% used [0x00000000eaa80000,0x00000000eaa80000,0x00000000fe880000)
  from space 11264K, 48% used [0x00000000fe880000,0x00000000fedd1ef8,0x00000000ff380000)
  to   space 10752K, 0% used [0x00000000ff580000,0x00000000ff580000,0x0000000100000000)
 ParOldGen       total 471552K, used 314046K [0x00000000c0000000, 0x00000000dcc80000, 0x00000000eaa80000)
  object space 471552K, 66% used [0x00000000c0000000,0x00000000d32af948,0x00000000dcc80000)
 PSPermGen       total 142848K, used 142383K [0x00000000b0000000, 0x00000000b8b80000, 0x00000000c0000000)
  object space 142848K, 99% used [0x00000000b0000000,0x00000000b8b0bcc8,0x00000000b8b80000)
}

