# JRE version: Java(TM) SE Runtime Environment (7.0_79-b15) (build 1.7.0_79-b15)
# Java VM: Java HotSpot(TM) 64-Bit Server VM (24.79-b02 mixed mode windows-amd64 compressed oops)
Heap
 PSYoungGen      total 280064K, used 10784K [0x00000000eaa80000, 0x00000000fe980000, 0x0000000100000000)
  eden space 240640K, 2% used [0x00000000eaa80000,0x00000000eb0ee418,0x00000000f9580000)
  from space 39424K, 10% used [0x00000000f9580000,0x00000000f9999f68,0x00000000fbc00000)
  to   space 38400K, 0% used [0x00000000fc400000,0x00000000fc400000,0x00000000fe980000)
 ParOldGen       total 450560K, used 338691K [0x00000000c0000000, 0x00000000db800000, 0x00000000eaa80000)
  object space 450560K, 75% used [0x00000000c0000000,0x00000000d4ac0fb8,0x00000000db800000)
 PSPermGen       total 167424K, used 167398K [0x00000000b0000000, 0x00000000ba380000, 0x00000000c0000000)
  object space 167424K, 99% used [0x00000000b0000000,0x00000000ba379858,0x00000000ba380000)
GC Heap History (10 events):
Event: 93384.505 GC heap before
{Heap before GC invocations=3108 (full 1404):
 PSYoungGen      total 241152K, used 229888K [0x00000000eaa80000, 0x00000000fe400000, 0x0000000100000000)
  eden space 229888K, 100% used [0x00000000eaa80000,0x00000000f8b00000,0x00000000f8b00000)
  from space 11264K, 0% used [0x00000000f8b00000,0x00000000f8b00000,0x00000000f9600000)
  to   space 45568K, 0% used [0x00000000fb780000,0x00000000fb780000,0x00000000fe400000)
 ParOldGen       total 450560K, used 334196K [0x00000000c0000000, 0x00000000db800000, 0x00000000eaa80000)
  object space 450560K, 74% used [0x00000000c0000000,0x00000000d465d320,0x00000000db800000)
 PSPermGen       total 167424K, used 166726K [0x00000000b0000000, 0x00000000ba380000, 0x00000000c0000000)
  object space 167424K, 99% used [0x00000000b0000000,0x00000000ba2d1930,0x00000000ba380000)
Event: 93384.516 GC heap after
Heap after GC invocations=3108 (full 1404):
 PSYoungGen      total 277504K, used 9341K [0x00000000eaa80000, 0x00000000fea00000, 0x0000000100000000)
  eden space 231936K, 0% used [0x00000000eaa80000,0x00000000eaa80000,0x00000000f8d00000)
  from space 45568K, 20% used [0x00000000fb780000,0x00000000fc09f7b0,0x00000000fe400000)
  to   space 43520K, 0% used [0x00000000f8d00000,0x00000000f8d00000,0x00000000fb780000)
 ParOldGen       total 450560K, used 334196K [0x00000000c0000000, 0x00000000db800000, 0x00000000eaa80000)
  object space 450560K, 74% used [0x00000000c0000000,0x00000000d465d320,0x00000000db800000)
 PSPermGen       total 167424K, used 166726K [0x00000000b0000000, 0x00000000ba380000, 0x00000000c0000000)
  object space 167424K, 99% used [0x00000000b0000000,0x00000000ba2d1930,0x00000000ba380000)
}
Event: 93409.262 GC heap before
{Heap before GC invocations=3109 (full 1404):
 PSYoungGen      total 277504K, used 216634K [0x00000000eaa80000, 0x00000000fea00000, 0x0000000100000000)
  eden space 231936K, 89% used [0x00000000eaa80000,0x00000000f74ef3f8,0x00000000f8d00000)
  from space 45568K, 20% used [0x00000000fb780000,0x00000000fc09f7b0,0x00000000fe400000)
  to   space 43520K, 0% used [0x00000000f8d00000,0x00000000f8d00000,0x00000000fb780000)
 ParOldGen       total 450560K, used 334196K [0x00000000c0000000, 0x00000000db800000, 0x00000000eaa80000)
  object space 450560K, 74% used [0x00000000c0000000,0x00000000d465d320,0x00000000db800000)
 PSPermGen       total 167424K, used 166728K [0x00000000b0000000, 0x00000000ba380000, 0x00000000c0000000)
  object space 167424K, 99% used [0x00000000b0000000,0x00000000ba2d2000,0x00000000ba380000)
Event: 93409.286 GC heap after
Heap after GC invocations=3109 (full 1404):
 PSYoungGen      total 275456K, used 13093K [0x00000000eaa80000, 0x00000000fe500000, 0x0000000100000000)
  eden space 231936K, 0% used [0x00000000eaa80000,0x00000000eaa80000,0x00000000f8d00000)
  from space 43520K, 30% used [0x00000000f8d00000,0x00000000f99c97d8,0x00000000fb780000)
  to   space 40960K, 0% used [0x00000000fbd00000,0x00000000fbd00000,0x00000000fe500000)
 ParOldGen       total 450560K, used 334196K [0x00000000c0000000, 0x00000000db800000, 0x00000000eaa80000)
  object space 450560K, 74% used [0x00000000c0000000,0x00000000d465d320,0x00000000db800000)
 PSPermGen       total 167424K, used 166728K [0x00000000b0000000, 0x00000000ba380000, 0x00000000c0000000)
  object space 167424K, 99% used [0x00000000b0000000,0x00000000ba2d2000,0x00000000ba380000)
}
Event: 93409.286 GC heap before
{Heap before GC invocations=3110 (full 1405):
 PSYoungGen      total 275456K, used 13093K [0x00000000eaa80000, 0x00000000fe500000, 0x0000000100000000)
  eden space 231936K, 0% used [0x00000000eaa80000,0x00000000eaa80000,0x00000000f8d00000)
  from space 43520K, 30% used [0x00000000f8d00000,0x00000000f99c97d8,0x00000000fb780000)
  to   space 40960K, 0% used [0x00000000fbd00000,0x00000000fbd00000,0x00000000fe500000)
 ParOldGen       total 450560K, used 334196K [0x00000000c0000000, 0x00000000db800000, 0x00000000eaa80000)
  object space 450560K, 74% used [0x00000000c0000000,0x00000000d465d320,0x00000000db800000)
 PSPermGen       total 167424K, used 166728K [0x00000000b0000000, 0x00000000ba380000, 0x00000000c0000000)
  object space 167424K, 99% used [0x00000000b0000000,0x00000000ba2d2000,0x00000000ba380000)
Event: 93410.469 GC heap after
Heap after GC invocations=3110 (full 1405):
 PSYoungGen      total 275456K, used 0K [0x00000000eaa80000, 0x00000000fe500000, 0x0000000100000000)
  eden space 231936K, 0% used [0x00000000eaa80000,0x00000000eaa80000,0x00000000f8d00000)
  from space 43520K, 0% used [0x00000000f8d00000,0x00000000f8d00000,0x00000000fb780000)
  to   space 40960K, 0% used [0x00000000fbd00000,0x00000000fbd00000,0x00000000fe500000)
 ParOldGen       total 450560K, used 338691K [0x00000000c0000000, 0x00000000db800000, 0x00000000eaa80000)
  object space 450560K, 75% used [0x00000000c0000000,0x00000000d4ac0fb8,0x00000000db800000)
 PSPermGen       total 167424K, used 166727K [0x00000000b0000000, 0x00000000ba380000, 0x00000000c0000000)
  object space 167424K, 99% used [0x00000000b0000000,0x00000000ba2d1f20,0x00000000ba380000)
}
Event: 93428.563 GC heap before
{Heap before GC invocations=3111 (full 1405):
 PSYoungGen      total 275456K, used 231936K [0x00000000eaa80000, 0x00000000fe500000, 0x0000000100000000)
  eden space 231936K, 100% used [0x00000000eaa80000,0x00000000f8d00000,0x00000000f8d00000)
  from space 43520K, 0% used [0x00000000f8d00000,0x00000000f8d00000,0x00000000fb780000)
  to   space 40960K, 0% used [0x00000000fbd00000,0x00000000fbd00000,0x00000000fe500000)
 ParOldGen       total 450560K, used 338691K [0x00000000c0000000, 0x00000000db800000, 0x00000000eaa80000)
  object space 450560K, 75% used [0x00000000c0000000,0x00000000d4ac0fb8,0x00000000db800000)
 PSPermGen       total 167424K, used 167238K [0x00000000b0000000, 0x00000000ba380000, 0x00000000c0000000)
  object space 167424K, 99% used [0x00000000b0000000,0x00000000ba3518d8,0x00000000ba380000)
Event: 93428.592 GC heap after
Heap after GC invocations=3111 (full 1405):
 PSYoungGen      total 279040K, used 4636K [0x00000000eaa80000, 0x00000000fe280000, 0x0000000100000000)
  eden space 240640K, 0% used [0x00000000eaa80000,0x00000000eaa80000,0x00000000f9580000)
  from space 38400K, 12% used [0x00000000fbd00000,0x00000000fc1873c8,0x00000000fe280000)
  to   space 39424K, 0% used [0x00000000f9580000,0x00000000f9580000,0x00000000fbc00000)
 ParOldGen       total 450560K, used 338691K [0x00000000c0000000, 0x00000000db800000, 0x00000000eaa80000)
  object space 450560K, 75% used [0x00000000c0000000,0x00000000d4ac0fb8,0x00000000db800000)
 PSPermGen       total 167424K, used 167238K [0x00000000b0000000, 0x00000000ba380000, 0x00000000c0000000)
  object space 167424K, 99% used [0x00000000b0000000,0x00000000ba3518d8,0x00000000ba380000)
}
Event: 93434.505 GC heap before
{Heap before GC invocations=3112 (full 1405):
 PSYoungGen      total 279040K, used 245276K [0x00000000eaa80000, 0x00000000fe280000, 0x0000000100000000)
  eden space 240640K, 100% used [0x00000000eaa80000,0x00000000f9580000,0x00000000f9580000)
  from space 38400K, 12% used [0x00000000fbd00000,0x00000000fc1873c8,0x00000000fe280000)
  to   space 39424K, 0% used [0x00000000f9580000,0x00000000f9580000,0x00000000fbc00000)
 ParOldGen       total 450560K, used 338691K [0x00000000c0000000, 0x00000000db800000, 0x00000000eaa80000)
  object space 450560K, 75% used [0x00000000c0000000,0x00000000d4ac0fb8,0x00000000db800000)
 PSPermGen       total 167424K, used 167397K [0x00000000b0000000, 0x00000000ba380000, 0x00000000c0000000)
  object space 167424K, 99% used [0x00000000b0000000,0x00000000ba379638,0x00000000ba380000)
Event: 93434.564 GC heap after
Heap after GC invocations=3112 (full 1405):
 PSYoungGen      total 280064K, used 4199K [0x00000000eaa80000, 0x00000000fe980000, 0x0000000100000000)
  eden space 240640K, 0% used [0x00000000eaa80000,0x00000000eaa80000,0x00000000f9580000)
  from space 39424K, 10% used [0x00000000f9580000,0x00000000f9999f68,0x00000000fbc00000)
  to   space 38400K, 0% used [0x00000000fc400000,0x00000000fc400000,0x00000000fe980000)
 ParOldGen       total 450560K, used 338691K [0x00000000c0000000, 0x00000000db800000, 0x00000000eaa80000)
  object space 450560K, 75% used [0x00000000c0000000,0x00000000d4ac0fb8,0x00000000db800000)
 PSPermGen       total 167424K, used 167397K [0x00000000b0000000, 0x00000000ba380000, 0x00000000c0000000)
  object space 167424K, 99% used [0x00000000b0000000,0x00000000ba379638,0x00000000ba380000)
}

