# JRE version: Java(TM) SE Runtime Environment (7.0_79-b15) (build 1.7.0_79-b15)
# Java VM: Java HotSpot(TM) 64-Bit Server VM (24.79-b02 mixed mode windows-amd64 compressed oops)
Heap
 PSYoungGen      total 198656K, used 60227K [0x00000000eaa80000, 0x00000000fa180000, 0x0000000100000000)
  eden space 145408K, 41% used [0x00000000eaa80000,0x00000000ee550e38,0x00000000f3880000)
  from space 53248K, 0% used [0x00000000f6d80000,0x00000000f6d80000,0x00000000fa180000)
  to   space 53760K, 0% used [0x00000000f3880000,0x00000000f3880000,0x00000000f6d00000)
 ParOldGen       total 294400K, used 237129K [0x00000000c0000000, 0x00000000d1f80000, 0x00000000eaa80000)
  object space 294400K, 80% used [0x00000000c0000000,0x00000000ce792618,0x00000000d1f80000)
 PSPermGen       total 173568K, used 172833K [0x00000000b0000000, 0x00000000ba980000, 0x00000000c0000000)
  object space 173568K, 99% used [0x00000000b0000000,0x00000000ba8c8738,0x00000000ba980000)
GC Heap History (10 events):
Event: 113567.245 GC heap before
{Heap before GC invocations=4056 (full 1772):
 PSYoungGen      total 163328K, used 90321K [0x00000000eaa80000, 0x00000000f9400000, 0x0000000100000000)
  eden space 105472K, 56% used [0x00000000eaa80000,0x00000000ee4b3fc8,0x00000000f1180000)
  from space 57856K, 53% used [0x00000000f1180000,0x00000000f2f80748,0x00000000f4a00000)
  to   space 57344K, 0% used [0x00000000f5c00000,0x00000000f5c00000,0x00000000f9400000)
 ParOldGen       total 294400K, used 281555K [0x00000000c0000000, 0x00000000d1f80000, 0x00000000eaa80000)
  object space 294400K, 95% used [0x00000000c0000000,0x00000000d12f4e18,0x00000000d1f80000)
 PSPermGen       total 172544K, used 172060K [0x00000000b0000000, 0x00000000ba880000, 0x00000000c0000000)
  object space 172544K, 99% used [0x00000000b0000000,0x00000000ba807140,0x00000000ba880000)
Event: 113567.276 GC heap after
Heap after GC invocations=4056 (full 1772):
 PSYoungGen      total 176640K, used 23552K [0x00000000eaa80000, 0x00000000f8f00000, 0x0000000100000000)
  eden space 124416K, 0% used [0x00000000eaa80000,0x00000000eaa80000,0x00000000f2400000)
  from space 52224K, 45% used [0x00000000f5c00000,0x00000000f7300098,0x00000000f8f00000)
  to   space 54784K, 0% used [0x00000000f2400000,0x00000000f2400000,0x00000000f5980000)
 ParOldGen       total 294400K, used 288618K [0x00000000c0000000, 0x00000000d1f80000, 0x00000000eaa80000)
  object space 294400K, 98% used [0x00000000c0000000,0x00000000d19da980,0x00000000d1f80000)
 PSPermGen       total 172544K, used 172060K [0x00000000b0000000, 0x00000000ba880000, 0x00000000c0000000)
  object space 172544K, 99% used [0x00000000b0000000,0x00000000ba807140,0x00000000ba880000)
}
Event: 113567.276 GC heap before
{Heap before GC invocations=4057 (full 1773):
 PSYoungGen      total 176640K, used 23552K [0x00000000eaa80000, 0x00000000f8f00000, 0x0000000100000000)
  eden space 124416K, 0% used [0x00000000eaa80000,0x00000000eaa80000,0x00000000f2400000)
  from space 52224K, 45% used [0x00000000f5c00000,0x00000000f7300098,0x00000000f8f00000)
  to   space 54784K, 0% used [0x00000000f2400000,0x00000000f2400000,0x00000000f5980000)
 ParOldGen       total 294400K, used 288618K [0x00000000c0000000, 0x00000000d1f80000, 0x00000000eaa80000)
  object space 294400K, 98% used [0x00000000c0000000,0x00000000d19da980,0x00000000d1f80000)
 PSPermGen       total 172544K, used 172060K [0x00000000b0000000, 0x00000000ba880000, 0x00000000c0000000)
  object space 172544K, 99% used [0x00000000b0000000,0x00000000ba807140,0x00000000ba880000)
Event: 113568.366 GC heap after
Heap after GC invocations=4057 (full 1773):
 PSYoungGen      total 176640K, used 0K [0x00000000eaa80000, 0x00000000f8f00000, 0x0000000100000000)
  eden space 124416K, 0% used [0x00000000eaa80000,0x00000000eaa80000,0x00000000f2400000)
  from space 52224K, 0% used [0x00000000f5c00000,0x00000000f5c00000,0x00000000f8f00000)
  to   space 54784K, 0% used [0x00000000f2400000,0x00000000f2400000,0x00000000f5980000)
 ParOldGen       total 294400K, used 236856K [0x00000000c0000000, 0x00000000d1f80000, 0x00000000eaa80000)
  object space 294400K, 80% used [0x00000000c0000000,0x00000000ce74e248,0x00000000d1f80000)
 PSPermGen       total 173568K, used 172055K [0x00000000b0000000, 0x00000000ba980000, 0x00000000c0000000)
  object space 173568K, 99% used [0x00000000b0000000,0x00000000ba805cc0,0x00000000ba980000)
}
Event: 113595.175 GC heap before
{Heap before GC invocations=4058 (full 1773):
 PSYoungGen      total 176640K, used 124416K [0x00000000eaa80000, 0x00000000f8f00000, 0x0000000100000000)
  eden space 124416K, 100% used [0x00000000eaa80000,0x00000000f2400000,0x00000000f2400000)
  from space 52224K, 0% used [0x00000000f5c00000,0x00000000f5c00000,0x00000000f8f00000)
  to   space 54784K, 0% used [0x00000000f2400000,0x00000000f2400000,0x00000000f5980000)
 ParOldGen       total 294400K, used 236856K [0x00000000c0000000, 0x00000000d1f80000, 0x00000000eaa80000)
  object space 294400K, 80% used [0x00000000c0000000,0x00000000ce74e248,0x00000000d1f80000)
 PSPermGen       total 173568K, used 172070K [0x00000000b0000000, 0x00000000ba980000, 0x00000000c0000000)
  object space 173568K, 99% used [0x00000000b0000000,0x00000000ba8098b8,0x00000000ba980000)
Event: 113595.187 GC heap after
Heap after GC invocations=4058 (full 1773):
 PSYoungGen      total 179200K, used 5222K [0x00000000eaa80000, 0x00000000fa280000, 0x0000000100000000)
  eden space 124416K, 0% used [0x00000000eaa80000,0x00000000eaa80000,0x00000000f2400000)
  from space 54784K, 9% used [0x00000000f2400000,0x00000000f2919a50,0x00000000f5980000)
  to   space 54272K, 0% used [0x00000000f6d80000,0x00000000f6d80000,0x00000000fa280000)
 ParOldGen       total 294400K, used 236856K [0x00000000c0000000, 0x00000000d1f80000, 0x00000000eaa80000)
  object space 294400K, 80% used [0x00000000c0000000,0x00000000ce74e248,0x00000000d1f80000)
 PSPermGen       total 173568K, used 172070K [0x00000000b0000000, 0x00000000ba980000, 0x00000000c0000000)
  object space 173568K, 99% used [0x00000000b0000000,0x00000000ba8098b8,0x00000000ba980000)
}
Event: 113634.570 GC heap before
{Heap before GC invocations=4059 (full 1773):
 PSYoungGen      total 179200K, used 46637K [0x00000000eaa80000, 0x00000000fa280000, 0x0000000100000000)
  eden space 124416K, 33% used [0x00000000eaa80000,0x00000000ed2f1c78,0x00000000f2400000)
  from space 54784K, 9% used [0x00000000f2400000,0x00000000f2919a50,0x00000000f5980000)
  to   space 54272K, 0% used [0x00000000f6d80000,0x00000000f6d80000,0x00000000fa280000)
 ParOldGen       total 294400K, used 236856K [0x00000000c0000000, 0x00000000d1f80000, 0x00000000eaa80000)
  object space 294400K, 80% used [0x00000000c0000000,0x00000000ce74e248,0x00000000d1f80000)
 PSPermGen       total 173568K, used 172070K [0x00000000b0000000, 0x00000000ba980000, 0x00000000c0000000)
  object space 173568K, 99% used [0x00000000b0000000,0x00000000ba8098d8,0x00000000ba980000)
Event: 113634.581 GC heap after
Heap after GC invocations=4059 (full 1773):
 PSYoungGen      total 198656K, used 4408K [0x00000000eaa80000, 0x00000000fa180000, 0x0000000100000000)
  eden space 145408K, 0% used [0x00000000eaa80000,0x00000000eaa80000,0x00000000f3880000)
  from space 53248K, 8% used [0x00000000f6d80000,0x00000000f71ce1a8,0x00000000fa180000)
  to   space 53760K, 0% used [0x00000000f3880000,0x00000000f3880000,0x00000000f6d00000)
 ParOldGen       total 294400K, used 236856K [0x00000000c0000000, 0x00000000d1f80000, 0x00000000eaa80000)
  object space 294400K, 80% used [0x00000000c0000000,0x00000000ce74e248,0x00000000d1f80000)
 PSPermGen       total 173568K, used 172070K [0x00000000b0000000, 0x00000000ba980000, 0x00000000c0000000)
  object space 173568K, 99% used [0x00000000b0000000,0x00000000ba8098d8,0x00000000ba980000)
}
Event: 113634.581 GC heap before
{Heap before GC invocations=4060 (full 1774):
 PSYoungGen      total 198656K, used 4408K [0x00000000eaa80000, 0x00000000fa180000, 0x0000000100000000)
  eden space 145408K, 0% used [0x00000000eaa80000,0x00000000eaa80000,0x00000000f3880000)
  from space 53248K, 8% used [0x00000000f6d80000,0x00000000f71ce1a8,0x00000000fa180000)
  to   space 53760K, 0% used [0x00000000f3880000,0x00000000f3880000,0x00000000f6d00000)
 ParOldGen       total 294400K, used 236856K [0x00000000c0000000, 0x00000000d1f80000, 0x00000000eaa80000)
  object space 294400K, 80% used [0x00000000c0000000,0x00000000ce74e248,0x00000000d1f80000)
 PSPermGen       total 173568K, used 172070K [0x00000000b0000000, 0x00000000ba980000, 0x00000000c0000000)
  object space 173568K, 99% used [0x00000000b0000000,0x00000000ba8098d8,0x00000000ba980000)
Event: 113635.468 GC heap after
Heap after GC invocations=4060 (full 1774):
 PSYoungGen      total 198656K, used 0K [0x00000000eaa80000, 0x00000000fa180000, 0x0000000100000000)
  eden space 145408K, 0% used [0x00000000eaa80000,0x00000000eaa80000,0x00000000f3880000)
  from space 53248K, 0% used [0x00000000f6d80000,0x00000000f6d80000,0x00000000fa180000)
  to   space 53760K, 0% used [0x00000000f3880000,0x00000000f3880000,0x00000000f6d00000)
 ParOldGen       total 294400K, used 237129K [0x00000000c0000000, 0x00000000d1f80000, 0x00000000eaa80000)
  object space 294400K, 80% used [0x00000000c0000000,0x00000000ce792618,0x00000000d1f80000)
 PSPermGen       total 173568K, used 172070K [0x00000000b0000000, 0x00000000ba980000, 0x00000000c0000000)
  object space 173568K, 99% used [0x00000000b0000000,0x00000000ba809858,0x00000000ba980000)
}

