# JRE version: Java(TM) SE Runtime Environment (8.0_92-b14) (build 1.8.0_92-b14)
# Java VM: Java HotSpot(TM) 64-Bit Server VM (25.92-b14 mixed mode windows-amd64 compressed oops)
Heap:
 PSYoungGen      total 276480K, used 185290K [0x00000000eab00000, 0x00000000fd380000, 0x0000000100000000)
  eden space 248832K, 70% used [0x00000000eab00000,0x00000000f55a8d88,0x00000000f9e00000)
  from space 27648K, 38% used [0x00000000fb880000,0x00000000fc2c9aa8,0x00000000fd380000)
  to   space 27136K, 0% used [0x00000000f9e00000,0x00000000f9e00000,0x00000000fb880000)
 ParOldGen       total 678912K, used 387594K [0x00000000c0000000, 0x00000000e9700000, 0x00000000eab00000)
  object space 678912K, 57% used [0x00000000c0000000,0x00000000d7a82b88,0x00000000e9700000)
 Metaspace       used 155086K, capacity 166286K, committed 169816K, reserved 1196032K
  class space    used 17065K, capacity 20462K, committed 23896K, reserved 1048576K
GC Heap History (10 events):
Event: 74857.407 GC heap before
{Heap before GC invocations=2587 (full 1193):
 PSYoungGen      total 274944K, used 252359K [0x00000000eab00000, 0x00000000fd700000, 0x0000000100000000)
  eden space 245248K, 100% used [0x00000000eab00000,0x00000000f9a80000,0x00000000f9a80000)
  from space 29696K, 23% used [0x00000000f9a80000,0x00000000fa171e88,0x00000000fb780000)
  to   space 30208K, 0% used [0x00000000fb980000,0x00000000fb980000,0x00000000fd700000)
 ParOldGen       total 678912K, used 387594K [0x00000000c0000000, 0x00000000e9700000, 0x00000000eab00000)
  object space 678912K, 57% used [0x00000000c0000000,0x00000000d7a82b88,0x00000000e9700000)
 Metaspace       used 154377K, capacity 165052K, committed 168792K, reserved 1193984K
  class space    used 16968K, capacity 20339K, committed 23896K, reserved 1048576K
Event: 74857.418 GC heap after
Heap after GC invocations=2587 (full 1193):
 PSYoungGen      total 274944K, used 8440K [0x00000000eab00000, 0x00000000fd580000, 0x0000000100000000)
  eden space 246272K, 0% used [0x00000000eab00000,0x00000000eab00000,0x00000000f9b80000)
  from space 28672K, 29% used [0x00000000fb980000,0x00000000fc1be118,0x00000000fd580000)
  to   space 29696K, 0% used [0x00000000f9b80000,0x00000000f9b80000,0x00000000fb880000)
 ParOldGen       total 678912K, used 387594K [0x00000000c0000000, 0x00000000e9700000, 0x00000000eab00000)
  object space 678912K, 57% used [0x00000000c0000000,0x00000000d7a82b88,0x00000000e9700000)
 Metaspace       used 154377K, capacity 165052K, committed 168792K, reserved 1193984K
  class space    used 16968K, capacity 20339K, committed 23896K, reserved 1048576K
}
Event: 74873.743 GC heap before
{Heap before GC invocations=2588 (full 1193):
 PSYoungGen      total 274944K, used 254712K [0x00000000eab00000, 0x00000000fd580000, 0x0000000100000000)
  eden space 246272K, 100% used [0x00000000eab00000,0x00000000f9b80000,0x00000000f9b80000)
  from space 28672K, 29% used [0x00000000fb980000,0x00000000fc1be118,0x00000000fd580000)
  to   space 29696K, 0% used [0x00000000f9b80000,0x00000000f9b80000,0x00000000fb880000)
 ParOldGen       total 678912K, used 387594K [0x00000000c0000000, 0x00000000e9700000, 0x00000000eab00000)
  object space 678912K, 57% used [0x00000000c0000000,0x00000000d7a82b88,0x00000000e9700000)
 Metaspace       used 154429K, capacity 165118K, committed 168792K, reserved 1193984K
  class space    used 16974K, capacity 20350K, committed 23896K, reserved 1048576K
Event: 74873.759 GC heap after
Heap after GC invocations=2588 (full 1193):
 PSYoungGen      total 275968K, used 15593K [0x00000000eab00000, 0x00000000fd480000, 0x0000000100000000)
  eden space 246272K, 0% used [0x00000000eab00000,0x00000000eab00000,0x00000000f9b80000)
  from space 29696K, 52% used [0x00000000f9b80000,0x00000000faaba570,0x00000000fb880000)
  to   space 28672K, 0% used [0x00000000fb880000,0x00000000fb880000,0x00000000fd480000)
 ParOldGen       total 678912K, used 387594K [0x00000000c0000000, 0x00000000e9700000, 0x00000000eab00000)
  object space 678912K, 57% used [0x00000000c0000000,0x00000000d7a82b88,0x00000000e9700000)
 Metaspace       used 154429K, capacity 165118K, committed 168792K, reserved 1193984K
  class space    used 16974K, capacity 20350K, committed 23896K, reserved 1048576K
}
Event: 74888.357 GC heap before
{Heap before GC invocations=2589 (full 1193):
 PSYoungGen      total 275968K, used 261865K [0x00000000eab00000, 0x00000000fd480000, 0x0000000100000000)
  eden space 246272K, 100% used [0x00000000eab00000,0x00000000f9b80000,0x00000000f9b80000)
  from space 29696K, 52% used [0x00000000f9b80000,0x00000000faaba570,0x00000000fb880000)
  to   space 28672K, 0% used [0x00000000fb880000,0x00000000fb880000,0x00000000fd480000)
 ParOldGen       total 678912K, used 387594K [0x00000000c0000000, 0x00000000e9700000, 0x00000000eab00000)
  object space 678912K, 57% used [0x00000000c0000000,0x00000000d7a82b88,0x00000000e9700000)
 Metaspace       used 154440K, capacity 165118K, committed 168792K, reserved 1193984K
  class space    used 16974K, capacity 20350K, committed 23896K, reserved 1048576K
Event: 74888.374 GC heap after
Heap after GC invocations=2589 (full 1193):
 PSYoungGen      total 275968K, used 18199K [0x00000000eab00000, 0x00000000fd480000, 0x0000000100000000)
  eden space 247296K, 0% used [0x00000000eab00000,0x00000000eab00000,0x00000000f9c80000)
  from space 28672K, 63% used [0x00000000fb880000,0x00000000fca45d30,0x00000000fd480000)
  to   space 28672K, 0% used [0x00000000f9c80000,0x00000000f9c80000,0x00000000fb880000)
 ParOldGen       total 678912K, used 387594K [0x00000000c0000000, 0x00000000e9700000, 0x00000000eab00000)
  object space 678912K, 57% used [0x00000000c0000000,0x00000000d7a82b88,0x00000000e9700000)
 Metaspace       used 154440K, capacity 165118K, committed 168792K, reserved 1193984K
  class space    used 16974K, capacity 20350K, committed 23896K, reserved 1048576K
}
Event: 74920.639 GC heap before
{Heap before GC invocations=2590 (full 1193):
 PSYoungGen      total 275968K, used 265495K [0x00000000eab00000, 0x00000000fd480000, 0x0000000100000000)
  eden space 247296K, 100% used [0x00000000eab00000,0x00000000f9c80000,0x00000000f9c80000)
  from space 28672K, 63% used [0x00000000fb880000,0x00000000fca45d30,0x00000000fd480000)
  to   space 28672K, 0% used [0x00000000f9c80000,0x00000000f9c80000,0x00000000fb880000)
 ParOldGen       total 678912K, used 387594K [0x00000000c0000000, 0x00000000e9700000, 0x00000000eab00000)
  object space 678912K, 57% used [0x00000000c0000000,0x00000000d7a82b88,0x00000000e9700000)
 Metaspace       used 154499K, capacity 165310K, committed 169048K, reserved 1193984K
  class space    used 16984K, capacity 20350K, committed 23896K, reserved 1048576K
Event: 74920.658 GC heap after
Heap after GC invocations=2590 (full 1193):
 PSYoungGen      total 275968K, used 13373K [0x00000000eab00000, 0x00000000fd380000, 0x0000000100000000)
  eden space 247296K, 0% used [0x00000000eab00000,0x00000000eab00000,0x00000000f9c80000)
  from space 28672K, 46% used [0x00000000f9c80000,0x00000000fa98f5d0,0x00000000fb880000)
  to   space 27648K, 0% used [0x00000000fb880000,0x00000000fb880000,0x00000000fd380000)
 ParOldGen       total 678912K, used 387594K [0x00000000c0000000, 0x00000000e9700000, 0x00000000eab00000)
  object space 678912K, 57% used [0x00000000c0000000,0x00000000d7a82b88,0x00000000e9700000)
 Metaspace       used 154499K, capacity 165310K, committed 169048K, reserved 1193984K
  class space    used 16984K, capacity 20350K, committed 23896K, reserved 1048576K
}
Event: 74926.590 GC heap before
{Heap before GC invocations=2591 (full 1193):
 PSYoungGen      total 275968K, used 260669K [0x00000000eab00000, 0x00000000fd380000, 0x0000000100000000)
  eden space 247296K, 100% used [0x00000000eab00000,0x00000000f9c80000,0x00000000f9c80000)
  from space 28672K, 46% used [0x00000000f9c80000,0x00000000fa98f5d0,0x00000000fb880000)
  to   space 27648K, 0% used [0x00000000fb880000,0x00000000fb880000,0x00000000fd380000)
 ParOldGen       total 678912K, used 387594K [0x00000000c0000000, 0x00000000e9700000, 0x00000000eab00000)
  object space 678912K, 57% used [0x00000000c0000000,0x00000000d7a82b88,0x00000000e9700000)
 Metaspace       used 154946K, capacity 166078K, committed 169560K, reserved 1196032K
  class space    used 17050K, capacity 20458K, committed 23896K, reserved 1048576K
Event: 74926.610 GC heap after
Heap after GC invocations=2591 (full 1193):
 PSYoungGen      total 276480K, used 10534K [0x00000000eab00000, 0x00000000fd380000, 0x0000000100000000)
  eden space 248832K, 0% used [0x00000000eab00000,0x00000000eab00000,0x00000000f9e00000)
  from space 27648K, 38% used [0x00000000fb880000,0x00000000fc2c9aa8,0x00000000fd380000)
  to   space 27136K, 0% used [0x00000000f9e00000,0x00000000f9e00000,0x00000000fb880000)
 ParOldGen       total 678912K, used 387594K [0x00000000c0000000, 0x00000000e9700000, 0x00000000eab00000)
  object space 678912K, 57% used [0x00000000c0000000,0x00000000d7a82b88,0x00000000e9700000)
 Metaspace       used 154946K, capacity 166078K, committed 169560K, reserved 1196032K
  class space    used 17050K, capacity 20458K, committed 23896K, reserved 1048576K
}

